<?xml version="1.0" encoding="UTF-8"?>
<!-- Generated by org.testng.reporters.JUnitReportReporter -->
<testsuite hostname="DESKTOP-7H6R1R9" failures="0" tests="1" name="com.mahesh.automation.appln.businessscripts.InstTest" time="11.022" errors="0" timestamp="2023-05-15T16:20:27 IST" skipped="0">
  <testcase classname="com.mahesh.automation.appln.businessscripts.InstTest" name="instTest" time="11.022"/>
  <system-out/>
</testsuite> <!-- com.mahesh.automation.appln.businessscripts.InstTest -->
