<?xml version="1.0" encoding="UTF-8"?>
<!-- Generated by org.testng.reporters.JUnitReportReporter -->
<testsuite hostname="DESKTOP-7H6R1R9" failures="0" tests="1" name="com.mahesh.automation.appln.businessscripts.GmailPomTest" time="11.535" errors="0" timestamp="2023-05-23T00:41:21 IST" skipped="0">
  <testcase classname="com.mahesh.automation.appln.businessscripts.GmailPomTest" name="gmailpomTest" time="11.535"/>
  <system-out/>
</testsuite> <!-- com.mahesh.automation.appln.businessscripts.GmailPomTest -->
