<?xml version="1.0" encoding="UTF-8"?>
<!-- Generated by org.testng.reporters.JUnitReportReporter -->
<testsuite hostname="DESKTOP-7H6R1R9" failures="0" tests="1" name="com.mahesh.automation.appln.businessscripts.OpenCartTest" time="129.510" errors="0" timestamp="2023-06-03T21:38:34 IST" skipped="0">
  <testcase classname="com.mahesh.automation.appln.businessscripts.OpenCartTest" name="verifyproduc" time="129.510"/>
  <system-out/>
</testsuite> <!-- com.mahesh.automation.appln.businessscripts.OpenCartTest -->
